07:20:41.602 [main] INFO  AdmPages.LoginClass - Delete button is clicked
07:20:44.806 [main] INFO  AdmPages.LoginClass - Add widget is clicked
07:20:47.994 [main] INFO  AdmPages.LoginClass - Widget is selected for adding
07:20:51.121 [main] INFO  AdmPages.LoginClass - Widget is added
11:02:35.170 [main] INFO  AdmPages.LoginClass - Page title is Verify IDP
11:02:35.176 [main] INFO  AdmPages.LoginClass - Page Title is validated
11:02:35.399 [main] INFO  AdmPages.LoginClass - username is entered
11:02:35.548 [main] INFO  AdmPages.LoginClass - password is entered
11:02:58.566 [main] INFO  AdmPages.LoginClass - Sign In button is clicked
11:02:58.589 [main] INFO  AdmPages.LoginClass - Page title is Welcome to uat QA environment
11:02:58.590 [main] INFO  AdmPages.LoginClass - Page Title is validated
11:12:25.429 [main] INFO  AdmPages.LoginClass - Page title is Verify IDP
11:12:25.433 [main] INFO  AdmPages.LoginClass - Page Title is validated
11:12:25.677 [main] INFO  AdmPages.LoginClass - username is entered
11:12:25.773 [main] INFO  AdmPages.LoginClass - password is entered
11:12:47.997 [main] INFO  AdmPages.LoginClass - Sign In button is clicked
11:12:48.027 [main] INFO  AdmPages.LoginClass - Page title is Welcome to uat QA environment
11:12:48.027 [main] INFO  AdmPages.LoginClass - Page Title is validated
11:21:59.591 [main] INFO  AdmPages.LoginClass - Page title is Verify IDP
11:21:59.596 [main] INFO  AdmPages.LoginClass - Page Title is validated
11:21:59.832 [main] INFO  AdmPages.LoginClass - username is entered
11:21:59.937 [main] INFO  AdmPages.LoginClass - password is entered
11:22:17.812 [main] INFO  AdmPages.LoginClass - Sign In button is clicked
11:22:17.845 [main] INFO  AdmPages.LoginClass - Page title is Welcome to uat QA environment
11:22:17.845 [main] INFO  AdmPages.LoginClass - Page Title is validated
11:22:17.997 [main] INFO  AdmPages.LoginClass - Widget Delete icon is clicked
11:22:21.115 [main] INFO  AdmPages.LoginClass - Delete Confirmation pop up is showing up
11:22:21.215 [main] INFO  AdmPages.LoginClass - Delete button is clicked
11:22:24.314 [main] INFO  AdmPages.LoginClass - Widget Delete icon is clicked
11:22:27.391 [main] INFO  AdmPages.LoginClass - Delete Confirmation pop up is showing up
11:22:27.525 [main] INFO  AdmPages.LoginClass - Delete button is clicked
11:22:30.594 [main] INFO  AdmPages.LoginClass - Widget Delete icon is clicked
11:22:33.681 [main] INFO  AdmPages.LoginClass - Delete Confirmation pop up is showing up
11:22:33.786 [main] INFO  AdmPages.LoginClass - Delete button is clicked
11:22:36.881 [main] INFO  AdmPages.LoginClass - Widget Delete icon is clicked
11:22:39.951 [main] INFO  AdmPages.LoginClass - Delete Confirmation pop up is showing up
11:22:40.054 [main] INFO  AdmPages.LoginClass - Delete button is clicked
11:22:43.180 [main] INFO  AdmPages.LoginClass - Widget Delete icon is clicked
11:22:46.247 [main] INFO  AdmPages.LoginClass - Delete Confirmation pop up is showing up
11:22:46.338 [main] INFO  AdmPages.LoginClass - Delete button is clicked
11:22:49.445 [main] INFO  AdmPages.LoginClass - Widget Delete icon is clicked
11:22:52.540 [main] INFO  AdmPages.LoginClass - Delete Confirmation pop up is showing up
11:22:52.621 [main] INFO  AdmPages.LoginClass - Delete button is clicked
11:22:55.716 [main] INFO  AdmPages.LoginClass - Widget Delete icon is clicked
11:22:58.793 [main] INFO  AdmPages.LoginClass - Delete Confirmation pop up is showing up
11:22:58.901 [main] INFO  AdmPages.LoginClass - Delete button is clicked
11:23:01.965 [main] INFO  AdmPages.LoginClass - Widget Delete icon is clicked
11:23:05.033 [main] INFO  AdmPages.LoginClass - Delete Confirmation pop up is showing up
11:23:05.112 [main] INFO  AdmPages.LoginClass - Delete button is clicked
11:23:08.226 [main] INFO  AdmPages.LoginClass - Widget Delete icon is clicked
11:23:11.293 [main] INFO  AdmPages.LoginClass - Delete Confirmation pop up is showing up
11:23:11.378 [main] INFO  AdmPages.LoginClass - Delete button is clicked
11:23:14.474 [main] INFO  AdmPages.LoginClass - Widget Delete icon is clicked
11:23:17.539 [main] INFO  AdmPages.LoginClass - Delete Confirmation pop up is showing up
11:23:17.627 [main] INFO  AdmPages.LoginClass - Delete button is clicked
11:23:20.710 [main] INFO  AdmPages.LoginClass - Widget Delete icon is clicked
11:23:23.794 [main] INFO  AdmPages.LoginClass - Delete Confirmation pop up is showing up
11:23:23.929 [main] INFO  AdmPages.LoginClass - Delete button is clicked
11:23:27.027 [main] INFO  AdmPages.LoginClass - Widget Delete icon is clicked
11:23:30.102 [main] INFO  AdmPages.LoginClass - Delete Confirmation pop up is showing up
11:23:30.209 [main] INFO  AdmPages.LoginClass - Delete button is clicked
11:23:33.288 [main] INFO  AdmPages.LoginClass - Widget Delete icon is clicked
11:23:36.365 [main] INFO  AdmPages.LoginClass - Delete Confirmation pop up is showing up
11:23:36.448 [main] INFO  AdmPages.LoginClass - Delete button is clicked
11:23:39.543 [main] INFO  AdmPages.LoginClass - Widget Delete icon is clicked
11:23:42.612 [main] INFO  AdmPages.LoginClass - Delete Confirmation pop up is showing up
11:23:42.703 [main] INFO  AdmPages.LoginClass - Delete button is clicked
11:27:15.307 [main] INFO  AdmPages.LoginClass - Page title is Verify IDP
11:27:15.313 [main] INFO  AdmPages.LoginClass - Page Title is validated
11:27:15.538 [main] INFO  AdmPages.LoginClass - username is entered
11:27:15.655 [main] INFO  AdmPages.LoginClass - password is entered
11:28:35.855 [main] INFO  AdmPages.LoginClass - Sign In button is clicked
11:28:35.878 [main] INFO  AdmPages.LoginClass - Page title is Welcome to uat QA environment
11:28:35.878 [main] INFO  AdmPages.LoginClass - Page Title is validated
11:30:40.093 [main] INFO  AdmPages.LoginClass - Page title is Verify IDP
11:30:40.098 [main] INFO  AdmPages.LoginClass - Page Title is validated
11:30:40.317 [main] INFO  AdmPages.LoginClass - username is entered
11:30:40.422 [main] INFO  AdmPages.LoginClass - password is entered
11:31:04.094 [main] INFO  AdmPages.LoginClass - Sign In button is clicked
11:31:04.117 [main] INFO  AdmPages.LoginClass - Page title is Welcome to uat QA environment
11:31:04.117 [main] INFO  AdmPages.LoginClass - Page Title is validated
11:31:04.211 [main] INFO  AdmPages.LoginClass - Add widget is clicked
11:31:07.353 [main] INFO  AdmPages.LoginClass - Widget is selected for adding
11:31:10.498 [main] INFO  AdmPages.LoginClass - Widget is added
11:31:10.609 [main] INFO  AdmPages.LoginClass - Expand icon is clicked
11:31:13.609 [main] INFO  AdmPages.LoginClass - Widget is expended
11:31:13.696 [main] INFO  AdmPages.LoginClass - Collapse icon is clicked
11:31:16.697 [main] INFO  AdmPages.LoginClass - Widget is Collapsed
11:31:16.855 [main] INFO  AdmPages.LoginClass - Widget Delete icon is clicked
11:31:19.976 [main] INFO  AdmPages.LoginClass - Delete Confirmation pop up is showing up
11:31:20.082 [main] INFO  AdmPages.LoginClass - Delete button is clicked
11:48:16.941 [main] INFO  AdmPages.LoginClass - Page title is Verify IDP
11:48:16.946 [main] INFO  AdmPages.LoginClass - Page Title is validated
11:48:17.180 [main] INFO  AdmPages.LoginClass - username is entered
11:48:17.322 [main] INFO  AdmPages.LoginClass - password is entered
11:48:39.890 [main] INFO  AdmPages.LoginClass - Sign In button is clicked
11:48:39.934 [main] INFO  AdmPages.LoginClass - Page title is Welcome to uat QA environment
11:48:39.934 [main] INFO  AdmPages.LoginClass - Page Title is validated
11:48:45.300 [main] INFO  AdmPages.LoginClass - Add widget is clicked
11:48:48.459 [main] INFO  AdmPages.LoginClass - Widget is selected for adding
11:48:51.593 [main] INFO  AdmPages.LoginClass - Widget is added
11:48:51.789 [main] INFO  AdmPages.LoginClass - Expand icon is clicked
11:48:54.789 [main] INFO  AdmPages.LoginClass - Widget is expended
11:48:55.071 [main] INFO  AdmPages.LoginClass - Collapse icon is clicked
11:48:58.072 [main] INFO  AdmPages.LoginClass - Widget is Collapsed
11:48:58.344 [main] INFO  AdmPages.LoginClass - Widget Delete icon is clicked
11:49:01.481 [main] INFO  AdmPages.LoginClass - Delete Confirmation pop up is showing up
11:49:01.581 [main] INFO  AdmPages.LoginClass - Delete button is clicked
11:49:04.697 [main] INFO  AdmPages.LoginClass - Widget Delete icon is clicked
11:49:07.795 [main] INFO  AdmPages.LoginClass - Delete Confirmation pop up is showing up
11:49:08.051 [main] INFO  AdmPages.LoginClass - Delete button is clicked
11:49:11.212 [main] INFO  AdmPages.LoginClass - Widget Delete icon is clicked
11:49:14.303 [main] INFO  AdmPages.LoginClass - Delete Confirmation pop up is showing up
11:49:14.443 [main] INFO  AdmPages.LoginClass - Delete button is clicked
11:49:17.608 [main] INFO  AdmPages.LoginClass - Widget Delete icon is clicked
11:49:20.710 [main] INFO  AdmPages.LoginClass - Delete Confirmation pop up is showing up
11:49:20.958 [main] INFO  AdmPages.LoginClass - Delete button is clicked
11:49:24.116 [main] INFO  AdmPages.LoginClass - Widget Delete icon is clicked
11:49:27.204 [main] INFO  AdmPages.LoginClass - Delete Confirmation pop up is showing up
11:49:27.308 [main] INFO  AdmPages.LoginClass - Delete button is clicked
11:49:30.477 [main] INFO  AdmPages.LoginClass - Widget Delete icon is clicked
11:49:33.550 [main] INFO  AdmPages.LoginClass - Delete Confirmation pop up is showing up
11:49:33.692 [main] INFO  AdmPages.LoginClass - Delete button is clicked
11:49:36.845 [main] INFO  AdmPages.LoginClass - Widget Delete icon is clicked
11:49:39.944 [main] INFO  AdmPages.LoginClass - Delete Confirmation pop up is showing up
11:49:40.084 [main] INFO  AdmPages.LoginClass - Delete button is clicked
11:49:43.250 [main] INFO  AdmPages.LoginClass - Widget Delete icon is clicked
11:49:46.352 [main] INFO  AdmPages.LoginClass - Delete Confirmation pop up is showing up
11:49:46.549 [main] INFO  AdmPages.LoginClass - Delete button is clicked
11:49:49.697 [main] INFO  AdmPages.LoginClass - Widget Delete icon is clicked
11:49:52.790 [main] INFO  AdmPages.LoginClass - Delete Confirmation pop up is showing up
11:49:53.000 [main] INFO  AdmPages.LoginClass - Delete button is clicked
11:49:56.162 [main] INFO  AdmPages.LoginClass - Widget Delete icon is clicked
11:49:59.268 [main] INFO  AdmPages.LoginClass - Delete Confirmation pop up is showing up
11:49:59.470 [main] INFO  AdmPages.LoginClass - Delete button is clicked
11:50:02.620 [main] INFO  AdmPages.LoginClass - Widget Delete icon is clicked
11:50:05.740 [main] INFO  AdmPages.LoginClass - Delete Confirmation pop up is showing up
11:50:05.827 [main] INFO  AdmPages.LoginClass - Delete button is clicked
11:50:08.975 [main] INFO  AdmPages.LoginClass - Widget Delete icon is clicked
11:50:12.064 [main] INFO  AdmPages.LoginClass - Delete Confirmation pop up is showing up
11:50:12.279 [main] INFO  AdmPages.LoginClass - Delete button is clicked
11:50:15.431 [main] INFO  AdmPages.LoginClass - Widget Delete icon is clicked
11:50:18.521 [main] INFO  AdmPages.LoginClass - Delete Confirmation pop up is showing up
11:50:18.768 [main] INFO  AdmPages.LoginClass - Delete button is clicked
11:50:21.912 [main] INFO  AdmPages.LoginClass - Widget Delete icon is clicked
11:50:25.002 [main] INFO  AdmPages.LoginClass - Delete Confirmation pop up is showing up
11:50:25.184 [main] INFO  AdmPages.LoginClass - Delete button is clicked
11:50:28.335 [main] INFO  AdmPages.LoginClass - Widget Delete icon is clicked
11:50:31.423 [main] INFO  AdmPages.LoginClass - Delete Confirmation pop up is showing up
11:50:31.616 [main] INFO  AdmPages.LoginClass - Delete button is clicked
11:52:37.667 [main] INFO  AdmPages.LoginClass - Page title is Verify IDP
11:52:37.683 [main] INFO  AdmPages.LoginClass - Page Title is validated
11:52:38.010 [main] INFO  AdmPages.LoginClass - username is entered
11:52:38.148 [main] INFO  AdmPages.LoginClass - password is entered
11:53:03.242 [main] INFO  AdmPages.LoginClass - Sign In button is clicked
11:53:03.282 [main] INFO  AdmPages.LoginClass - Page title is Welcome to uat QA environment
11:53:03.282 [main] INFO  AdmPages.LoginClass - Page Title is validated
11:53:08.541 [main] INFO  AdmPages.LoginClass - Add widget is clicked
11:53:11.715 [main] INFO  AdmPages.LoginClass - Widget is selected for adding
11:53:14.856 [main] INFO  AdmPages.LoginClass - Widget is added
11:53:15.022 [main] INFO  AdmPages.LoginClass - Expand icon is clicked
11:53:18.023 [main] INFO  AdmPages.LoginClass - Widget is expended
11:53:18.158 [main] INFO  AdmPages.LoginClass - Collapse icon is clicked
11:53:21.158 [main] INFO  AdmPages.LoginClass - Widget is Collapsed
11:53:21.372 [main] INFO  AdmPages.LoginClass - Widget Delete icon is clicked
11:53:24.505 [main] INFO  AdmPages.LoginClass - Delete Confirmation pop up is showing up
11:53:24.596 [main] INFO  AdmPages.LoginClass - Delete button is clicked
11:53:27.745 [main] INFO  AdmPages.LoginClass - Widget Delete icon is clicked
11:53:30.819 [main] INFO  AdmPages.LoginClass - Delete Confirmation pop up is showing up
11:53:30.939 [main] INFO  AdmPages.LoginClass - Delete button is clicked
11:53:34.127 [main] INFO  AdmPages.LoginClass - Widget Delete icon is clicked
11:53:37.206 [main] INFO  AdmPages.LoginClass - Delete Confirmation pop up is showing up
11:53:37.307 [main] INFO  AdmPages.LoginClass - Delete button is clicked
11:53:40.405 [main] INFO  AdmPages.LoginClass - Widget Delete icon is clicked
11:53:43.477 [main] INFO  AdmPages.LoginClass - Delete Confirmation pop up is showing up
11:53:43.586 [main] INFO  AdmPages.LoginClass - Delete button is clicked
11:53:46.738 [main] INFO  AdmPages.LoginClass - Widget Delete icon is clicked
11:53:49.808 [main] INFO  AdmPages.LoginClass - Delete Confirmation pop up is showing up
11:53:49.921 [main] INFO  AdmPages.LoginClass - Delete button is clicked
11:53:53.042 [main] INFO  AdmPages.LoginClass - Widget Delete icon is clicked
11:53:56.121 [main] INFO  AdmPages.LoginClass - Delete Confirmation pop up is showing up
11:53:56.233 [main] INFO  AdmPages.LoginClass - Delete button is clicked
11:53:59.339 [main] INFO  AdmPages.LoginClass - Widget Delete icon is clicked
11:54:02.433 [main] INFO  AdmPages.LoginClass - Delete Confirmation pop up is showing up
11:54:02.550 [main] INFO  AdmPages.LoginClass - Delete button is clicked
11:54:05.670 [main] INFO  AdmPages.LoginClass - Widget Delete icon is clicked
11:54:08.740 [main] INFO  AdmPages.LoginClass - Delete Confirmation pop up is showing up
11:54:08.838 [main] INFO  AdmPages.LoginClass - Delete button is clicked
11:54:11.925 [main] INFO  AdmPages.LoginClass - Widget Delete icon is clicked
11:54:14.974 [main] INFO  AdmPages.LoginClass - Delete Confirmation pop up is showing up
11:54:15.078 [main] INFO  AdmPages.LoginClass - Delete button is clicked
11:54:18.184 [main] INFO  AdmPages.LoginClass - Widget Delete icon is clicked
11:54:21.267 [main] INFO  AdmPages.LoginClass - Delete Confirmation pop up is showing up
11:54:21.393 [main] INFO  AdmPages.LoginClass - Delete button is clicked
11:54:24.550 [main] INFO  AdmPages.LoginClass - Widget Delete icon is clicked
11:54:27.629 [main] INFO  AdmPages.LoginClass - Delete Confirmation pop up is showing up
11:54:27.761 [main] INFO  AdmPages.LoginClass - Delete button is clicked
11:54:30.854 [main] INFO  AdmPages.LoginClass - Widget Delete icon is clicked
11:54:33.946 [main] INFO  AdmPages.LoginClass - Delete Confirmation pop up is showing up
11:54:34.071 [main] INFO  AdmPages.LoginClass - Delete button is clicked
11:54:37.166 [main] INFO  AdmPages.LoginClass - Widget Delete icon is clicked
11:54:40.246 [main] INFO  AdmPages.LoginClass - Delete Confirmation pop up is showing up
11:54:40.395 [main] INFO  AdmPages.LoginClass - Delete button is clicked
11:54:43.502 [main] INFO  AdmPages.LoginClass - Widget Delete icon is clicked
11:54:46.611 [main] INFO  AdmPages.LoginClass - Delete Confirmation pop up is showing up
11:54:46.713 [main] INFO  AdmPages.LoginClass - Delete button is clicked
11:54:49.815 [main] INFO  AdmPages.LoginClass - Widget Delete icon is clicked
11:54:52.854 [main] INFO  AdmPages.LoginClass - Delete Confirmation pop up is showing up
11:54:52.953 [main] INFO  AdmPages.LoginClass - Delete button is clicked
11:59:17.252 [main] INFO  AdmPages.LoginClass - Page title is Verify IDP
11:59:17.260 [main] INFO  AdmPages.LoginClass - Page Title is validated
11:59:17.580 [main] INFO  AdmPages.LoginClass - username is entered
11:59:17.753 [main] INFO  AdmPages.LoginClass - password is entered
11:59:38.800 [main] INFO  AdmPages.LoginClass - Sign In button is clicked
11:59:38.826 [main] INFO  AdmPages.LoginClass - Page title is Welcome to uat QA environment
11:59:38.827 [main] INFO  AdmPages.LoginClass - Page Title is validated
11:59:44.052 [main] INFO  AdmPages.LoginClass - Add widget is clicked
11:59:47.140 [main] INFO  AdmPages.LoginClass - Widget is selected for adding
11:59:50.261 [main] INFO  AdmPages.LoginClass - Widget is added
11:59:50.350 [main] INFO  AdmPages.LoginClass - Expand icon is clicked
11:59:53.351 [main] INFO  AdmPages.LoginClass - Widget is expended
11:59:53.452 [main] INFO  AdmPages.LoginClass - Collapse icon is clicked
11:59:56.452 [main] INFO  AdmPages.LoginClass - Widget is Collapsed
11:59:56.592 [main] INFO  AdmPages.LoginClass - Widget Delete icon is clicked
11:59:59.867 [main] INFO  AdmPages.LoginClass - Delete Confirmation pop up is showing up
12:00:00.312 [main] INFO  AdmPages.LoginClass - Delete button is clicked
12:40:02.102 [main] INFO  AdmPages.LoginClass - Page title is Verify IDP
12:40:02.109 [main] INFO  AdmPages.LoginClass - Page Title is validated
12:40:02.374 [main] INFO  AdmPages.LoginClass - username is entered
12:40:02.517 [main] INFO  AdmPages.LoginClass - password is entered
12:40:22.598 [main] INFO  AdmPages.LoginClass - Sign In button is clicked
12:40:22.671 [main] INFO  AdmPages.DashboardClass - Page title is Welcome to uat QA environment
12:40:22.671 [main] INFO  AdmPages.DashboardClass - Page Title is validated
12:40:28.130 [main] INFO  AdmPages.DashboardClass - Add widget is clicked
12:40:31.387 [main] INFO  AdmPages.DashboardClass - Widget is selected for adding
12:40:34.591 [main] INFO  AdmPages.DashboardClass - Widget is added
12:40:34.792 [main] INFO  AdmPages.DashboardClass - Expand icon is clicked
12:40:37.793 [main] INFO  AdmPages.DashboardClass - Widget is expended
12:40:37.960 [main] INFO  AdmPages.DashboardClass - Collapse icon is clicked
12:40:40.963 [main] INFO  AdmPages.DashboardClass - Widget is Collapsed
12:40:41.212 [main] INFO  AdmPages.DashboardClass - Widget Delete icon is clicked
12:40:44.334 [main] INFO  AdmPages.DashboardClass - Delete Confirmation pop up is showing up
12:40:44.415 [main] INFO  AdmPages.DashboardClass - Delete button is clicked
12:40:52.826 [main] INFO  AdmPages.ProspectViewRecords - Page title is People Search
12:40:52.826 [main] INFO  AdmPages.ProspectViewRecords - Page Title is validated
12:41:01.362 [main] INFO  AdmPages.ProspectViewRecords - Showing result is showing up
12:41:55.799 [main] INFO  AdmPages.LoginClass - Page title is Verify IDP
12:41:55.804 [main] INFO  AdmPages.LoginClass - Page Title is validated
12:41:56.034 [main] INFO  AdmPages.LoginClass - username is entered
12:41:56.174 [main] INFO  AdmPages.LoginClass - password is entered
12:42:17.249 [main] INFO  AdmPages.LoginClass - Sign In button is clicked
12:42:17.285 [main] INFO  AdmPages.DashboardClass - Page title is Welcome to uat QA environment
12:42:17.285 [main] INFO  AdmPages.DashboardClass - Page Title is validated
12:42:22.676 [main] INFO  AdmPages.DashboardClass - Add widget is clicked
12:42:25.931 [main] INFO  AdmPages.DashboardClass - Widget is selected for adding
12:42:29.232 [main] INFO  AdmPages.DashboardClass - Widget is added
12:42:29.453 [main] INFO  AdmPages.DashboardClass - Expand icon is clicked
12:42:32.456 [main] INFO  AdmPages.DashboardClass - Widget is expended
12:42:32.624 [main] INFO  AdmPages.DashboardClass - Collapse icon is clicked
12:42:35.628 [main] INFO  AdmPages.DashboardClass - Widget is Collapsed
12:42:35.740 [main] INFO  AdmPages.DashboardClass - Widget Delete icon is clicked
12:42:38.869 [main] INFO  AdmPages.DashboardClass - Delete Confirmation pop up is showing up
12:42:38.949 [main] INFO  AdmPages.DashboardClass - Delete button is clicked
12:42:47.381 [main] INFO  AdmPages.ProspectViewRecords - Page title is People Search
12:42:47.381 [main] INFO  AdmPages.ProspectViewRecords - Page Title is validated
12:42:55.897 [main] INFO  AdmPages.ProspectViewRecords - Showing result is showing up
09:49:46.387 [main] INFO  AdmPages.LoginClass - Page title is Verify IDP
09:49:46.413 [main] INFO  AdmPages.LoginClass - Page Title is validated
09:49:46.980 [main] INFO  AdmPages.LoginClass - username is entered
09:49:47.261 [main] INFO  AdmPages.LoginClass - password is entered
09:49:49.802 [main] INFO  AdmPages.LoginClass - Sign In button is clicked
09:49:49.990 [main] INFO  AdmPages.DashboardClass - Page title is Verify IDP
09:59:01.275 [main] INFO  AdmPages.LoginClass - Page title is Verify IDP
09:59:01.282 [main] INFO  AdmPages.LoginClass - Page Title is validated
09:59:01.659 [main] INFO  AdmPages.LoginClass - username is entered
09:59:01.892 [main] INFO  AdmPages.LoginClass - password is entered
09:59:27.004 [main] INFO  AdmPages.LoginClass - Sign In button is clicked
09:59:27.159 [main] INFO  AdmPages.DashboardClass - Page title is Welcome to Oklahama wesleyan university
10:02:28.796 [main] INFO  AdmPages.LoginClass - Page title is Verify IDP
10:02:28.801 [main] INFO  AdmPages.LoginClass - Page Title is validated
10:02:29.191 [main] INFO  AdmPages.LoginClass - username is entered
10:02:29.448 [main] INFO  AdmPages.LoginClass - password is entered
10:02:58.853 [main] INFO  AdmPages.LoginClass - Sign In button is clicked
10:02:59.009 [main] INFO  AdmPages.DashboardClass - Page title is Welcome to Oklahama wesleyan university
10:02:59.010 [main] INFO  AdmPages.DashboardClass - Page Title is validated
10:03:04.703 [main] INFO  AdmPages.DashboardClass - Add widget is clicked
10:03:08.022 [main] INFO  AdmPages.DashboardClass - Widget is selected for adding
10:03:11.299 [main] INFO  AdmPages.DashboardClass - Widget is added
10:03:11.837 [main] INFO  AdmPages.DashboardClass - Expand icon is clicked
10:03:14.837 [main] INFO  AdmPages.DashboardClass - Widget is expended
10:03:15.156 [main] INFO  AdmPages.DashboardClass - Collapse icon is clicked
10:03:18.156 [main] INFO  AdmPages.DashboardClass - Widget is Collapsed
10:03:18.470 [main] INFO  AdmPages.DashboardClass - Widget Delete icon is clicked
10:03:21.730 [main] INFO  AdmPages.DashboardClass - Delete Confirmation pop up is showing up
10:03:21.968 [main] INFO  AdmPages.DashboardClass - Delete button is clicked
10:03:25.345 [main] INFO  AdmPages.DashboardClass - Widget Delete icon is clicked
10:03:28.490 [main] INFO  AdmPages.DashboardClass - Delete Confirmation pop up is showing up
10:03:28.850 [main] INFO  AdmPages.DashboardClass - Delete button is clicked
10:03:32.216 [main] INFO  AdmPages.DashboardClass - Widget Delete icon is clicked
10:03:35.341 [main] INFO  AdmPages.DashboardClass - Delete Confirmation pop up is showing up
10:03:35.805 [main] INFO  AdmPages.DashboardClass - Delete button is clicked
10:03:39.182 [main] INFO  AdmPages.DashboardClass - Widget Delete icon is clicked
10:03:42.298 [main] INFO  AdmPages.DashboardClass - Delete Confirmation pop up is showing up
10:03:42.710 [main] INFO  AdmPages.DashboardClass - Delete button is clicked
10:03:46.075 [main] INFO  AdmPages.DashboardClass - Widget Delete icon is clicked
10:03:49.186 [main] INFO  AdmPages.DashboardClass - Delete Confirmation pop up is showing up
10:03:49.441 [main] INFO  AdmPages.DashboardClass - Delete button is clicked
10:03:52.809 [main] INFO  AdmPages.DashboardClass - Widget Delete icon is clicked
10:03:55.924 [main] INFO  AdmPages.DashboardClass - Delete Confirmation pop up is showing up
10:03:56.319 [main] INFO  AdmPages.DashboardClass - Delete button is clicked
10:03:59.609 [main] INFO  AdmPages.DashboardClass - Widget Delete icon is clicked
10:04:02.730 [main] INFO  AdmPages.DashboardClass - Delete Confirmation pop up is showing up
10:04:03.118 [main] INFO  AdmPages.DashboardClass - Delete button is clicked
10:04:06.480 [main] INFO  AdmPages.DashboardClass - Widget Delete icon is clicked
10:04:09.586 [main] INFO  AdmPages.DashboardClass - Delete Confirmation pop up is showing up
10:04:09.838 [main] INFO  AdmPages.DashboardClass - Delete button is clicked
10:04:13.173 [main] INFO  AdmPages.DashboardClass - Widget Delete icon is clicked
10:04:16.253 [main] INFO  AdmPages.DashboardClass - Delete Confirmation pop up is showing up
10:04:16.618 [main] INFO  AdmPages.DashboardClass - Delete button is clicked
10:04:20.013 [main] INFO  AdmPages.DashboardClass - Widget Delete icon is clicked
10:04:23.133 [main] INFO  AdmPages.DashboardClass - Delete Confirmation pop up is showing up
10:04:23.570 [main] INFO  AdmPages.DashboardClass - Delete button is clicked
10:04:26.955 [main] INFO  AdmPages.DashboardClass - Widget Delete icon is clicked
10:04:30.060 [main] INFO  AdmPages.DashboardClass - Delete Confirmation pop up is showing up
10:04:30.432 [main] INFO  AdmPages.DashboardClass - Delete button is clicked
10:04:33.779 [main] INFO  AdmPages.DashboardClass - Widget Delete icon is clicked
10:04:36.891 [main] INFO  AdmPages.DashboardClass - Delete Confirmation pop up is showing up
10:04:37.207 [main] INFO  AdmPages.DashboardClass - Delete button is clicked
10:04:40.488 [main] INFO  AdmPages.DashboardClass - Widget Delete icon is clicked
10:04:43.588 [main] INFO  AdmPages.DashboardClass - Delete Confirmation pop up is showing up
10:04:44.028 [main] INFO  AdmPages.DashboardClass - Delete button is clicked
10:04:47.313 [main] INFO  AdmPages.DashboardClass - Widget Delete icon is clicked
10:04:50.418 [main] INFO  AdmPages.DashboardClass - Delete Confirmation pop up is showing up
10:04:50.758 [main] INFO  AdmPages.DashboardClass - Delete button is clicked
10:04:54.122 [main] INFO  AdmPages.DashboardClass - Widget Delete icon is clicked
10:04:57.234 [main] INFO  AdmPages.DashboardClass - Delete Confirmation pop up is showing up
10:04:57.728 [main] INFO  AdmPages.DashboardClass - Delete button is clicked
10:05:06.481 [main] INFO  AdmPages.PeopleSearchClass - Page title is People Search
10:05:06.481 [main] INFO  AdmPages.PeopleSearchClass - Page Title is validated
10:05:15.242 [main] INFO  AdmPages.PeopleSearchClass - Showing result is showing up
16:49:10.385 [main] INFO  AdmPages.LoginClass - Page title is Verify IDP
16:49:10.415 [main] INFO  AdmPages.LoginClass - Page Title is validated
16:49:10.584 [main] INFO  AdmPages.LoginClass - username is entered
16:49:10.728 [main] INFO  AdmPages.LoginClass - password is entered
16:49:12.027 [main] INFO  AdmPages.LoginClass - Sign In button is clicked
16:49:12.064 [main] INFO  AdmPages.DashboardClass - Page title is Verify IDP
16:53:48.229 [main] INFO  AdmPages.LoginClass - Page title is Verify IDP
16:53:48.236 [main] INFO  AdmPages.LoginClass - Page Title is validated
16:53:48.479 [main] INFO  AdmPages.LoginClass - username is entered
16:53:48.659 [main] INFO  AdmPages.LoginClass - password is entered
16:53:50.250 [main] INFO  AdmPages.LoginClass - Sign In button is clicked
16:53:50.283 [main] INFO  AdmPages.DashboardClass - Page title is Verify IDP
17:00:32.901 [main] INFO  AdmPages.LoginClass - Page title is Verify IDP
17:00:32.909 [main] INFO  AdmPages.LoginClass - Page Title is validated
17:00:33.117 [main] INFO  AdmPages.LoginClass - username is entered
17:00:33.237 [main] INFO  AdmPages.LoginClass - password is entered
17:00:34.517 [main] INFO  AdmPages.LoginClass - Sign In button is clicked
17:00:34.545 [main] INFO  AdmPages.DashboardClass - Page title is Verify IDP
17:08:19.780 [main] INFO  AdmPages.LoginClass - Page title is Verify IDP
17:08:19.787 [main] INFO  AdmPages.LoginClass - Page Title is validated
17:08:20.051 [main] INFO  AdmPages.LoginClass - username is entered
17:08:20.204 [main] INFO  AdmPages.LoginClass - password is entered
17:08:22.162 [main] INFO  AdmPages.LoginClass - Sign In button is clicked
17:08:22.188 [main] INFO  AdmPages.DashboardClass - Page title is Verify IDP
17:19:03.186 [main] INFO  AdmPages.LoginClass - Page title is Verify IDP
17:19:03.194 [main] INFO  AdmPages.LoginClass - Page Title is validated
17:19:03.401 [main] INFO  AdmPages.LoginClass - username is entered
17:19:03.562 [main] INFO  AdmPages.LoginClass - password is entered
17:19:04.822 [main] INFO  AdmPages.LoginClass - Sign In button is clicked
17:19:04.854 [main] INFO  AdmPages.DashboardClass - Page title is Verify IDP
18:12:56.922 [main] INFO  AdmPages.LoginClass - Page title is Verify IDP
18:12:56.929 [main] INFO  AdmPages.LoginClass - Page Title is validated
18:12:57.090 [main] INFO  AdmPages.LoginClass - username is entered
18:12:57.237 [main] INFO  AdmPages.LoginClass - password is entered
18:12:58.529 [main] INFO  AdmPages.LoginClass - Sign In button is clicked
18:12:58.566 [main] INFO  AdmPages.DashboardClass - Page title is Verify IDP
12:05:51.962 [main] INFO  AdmPages.LoginClass - Page title is Verify IDP
12:05:52.052 [main] INFO  AdmPages.LoginClass - Page Title is validated
12:05:52.397 [main] INFO  AdmPages.LoginClass - username is entered
12:05:52.707 [main] INFO  AdmPages.LoginClass - password is entered
12:05:54.311 [main] INFO  AdmPages.LoginClass - Sign In button is clicked
12:05:56.093 [main] INFO  AdmPages.DashboardClass - Page title is Verify IDP
12:24:36.969 [main] INFO  AdmPages.LoginClass - Page title is Verify IDP
12:24:36.977 [main] INFO  AdmPages.LoginClass - Page Title is validated
12:24:37.286 [main] INFO  AdmPages.LoginClass - username is entered
12:24:37.502 [main] INFO  AdmPages.LoginClass - password is entered
12:24:38.754 [main] INFO  AdmPages.LoginClass - Sign In button is clicked
12:24:38.793 [main] INFO  AdmPages.DashboardClass - Page title is Verify IDP
12:28:41.659 [main] INFO  AdmPages.LoginClass - Page title is Verify IDP
12:28:41.666 [main] INFO  AdmPages.LoginClass - Page Title is validated
12:28:41.889 [main] INFO  AdmPages.LoginClass - username is entered
12:28:42.122 [main] INFO  AdmPages.LoginClass - password is entered
12:28:43.468 [main] INFO  AdmPages.LoginClass - Sign In button is clicked
12:28:43.504 [main] INFO  AdmPages.DashboardClass - Page title is Verify IDP
09:14:24.708 [main] INFO  AdmPages.LoginClass - Page title is Verify IDP
09:14:24.753 [main] INFO  AdmPages.LoginClass - Page Title is validated
09:14:24.920 [main] INFO  AdmPages.LoginClass - username is entered
09:14:25.130 [main] INFO  AdmPages.LoginClass - password is entered
09:15:21.051 [main] INFO  AdmPages.LoginClass - Sign In button is clicked
09:44:21.519 [main] INFO  AdmPages.LoginClass - Page title is Verify IDP
09:44:21.529 [main] INFO  AdmPages.LoginClass - Page Title is validated
09:44:21.692 [main] INFO  AdmPages.LoginClass - username is entered
09:44:21.882 [main] INFO  AdmPages.LoginClass - password is entered
09:44:29.775 [main] INFO  AdmPages.LoginClass - Sign In button is clicked
09:44:29.834 [main] INFO  AdmPages.DashboardClass - Page title is 
09:54:30.827 [main] INFO  AdmPages.LoginClass - Page title is Verify IDP
09:54:30.837 [main] INFO  AdmPages.LoginClass - Page Title is validated
09:54:31.018 [main] INFO  AdmPages.LoginClass - username is entered
09:54:31.285 [main] INFO  AdmPages.LoginClass - password is entered
09:54:44.930 [main] INFO  AdmPages.LoginClass - Sign In button is clicked
09:54:44.993 [main] INFO  AdmPages.DashboardClass - Page title is Welcome to uat QA environment
09:56:36.047 [main] INFO  AdmPages.LoginClass - Page title is Verify IDP
09:56:36.059 [main] INFO  AdmPages.LoginClass - Page Title is validated
09:56:36.270 [main] INFO  AdmPages.LoginClass - username is entered
09:56:36.421 [main] INFO  AdmPages.LoginClass - password is entered
09:56:57.898 [main] INFO  AdmPages.LoginClass - Sign In button is clicked
09:56:57.940 [main] INFO  AdmPages.DashboardClass - Page title is Welcome to uat QA environment
09:56:57.940 [main] INFO  AdmPages.DashboardClass - Page Title is validated
09:57:03.485 [main] INFO  AdmPages.DashboardClass - Add widget is clicked
09:57:06.680 [main] INFO  AdmPages.DashboardClass - Widget is selected for adding
09:57:09.990 [main] INFO  AdmPages.DashboardClass - Widget is added
09:57:10.225 [main] INFO  AdmPages.DashboardClass - Expand icon is clicked
09:57:13.240 [main] INFO  AdmPages.DashboardClass - Widget is expended
09:57:13.448 [main] INFO  AdmPages.DashboardClass - Collapse icon is clicked
09:57:16.452 [main] INFO  AdmPages.DashboardClass - Widget is Collapsed
09:57:16.720 [main] INFO  AdmPages.DashboardClass - Widget Delete icon is clicked
09:57:19.851 [main] INFO  AdmPages.DashboardClass - Delete Confirmation pop up is showing up
09:57:20.004 [main] INFO  AdmPages.DashboardClass - Delete button is clicked
09:57:28.412 [main] INFO  AdmPages.PeopleSearchClass - Page title is People Search
09:57:28.412 [main] INFO  AdmPages.PeopleSearchClass - Page Title is validated
09:57:37.180 [main] INFO  AdmPages.PeopleSearchClass - Showing result is showing up
10:04:50.089 [main] INFO  AdmPages.LoginClass - Page title is Verify IDP
10:04:50.100 [main] INFO  AdmPages.LoginClass - Page Title is validated
10:04:50.466 [main] INFO  AdmPages.LoginClass - username is entered
10:04:50.688 [main] INFO  AdmPages.LoginClass - password is entered
10:05:04.536 [main] INFO  AdmPages.LoginClass - Sign In button is clicked
10:05:04.578 [main] INFO  AdmPages.DashboardClass - Page title is Welcome to uat QA environment
10:05:04.578 [main] INFO  AdmPages.DashboardClass - Page Title is validated
10:05:09.958 [main] INFO  AdmPages.DashboardClass - Add widget is clicked
10:05:13.169 [main] INFO  AdmPages.DashboardClass - Widget is selected for adding
10:05:16.376 [main] INFO  AdmPages.DashboardClass - Widget is added
10:05:16.540 [main] INFO  AdmPages.DashboardClass - Expand icon is clicked
10:05:19.556 [main] INFO  AdmPages.DashboardClass - Widget is expended
10:05:19.760 [main] INFO  AdmPages.DashboardClass - Collapse icon is clicked
10:05:22.769 [main] INFO  AdmPages.DashboardClass - Widget is Collapsed
10:05:23.018 [main] INFO  AdmPages.DashboardClass - Widget Delete icon is clicked
10:05:26.183 [main] INFO  AdmPages.DashboardClass - Delete Confirmation pop up is showing up
10:05:26.353 [main] INFO  AdmPages.DashboardClass - Delete button is clicked
10:05:34.756 [main] INFO  AdmPages.PeopleSearchClass - Page title is People Search
10:05:34.757 [main] INFO  AdmPages.PeopleSearchClass - Page Title is validated
10:05:43.600 [main] INFO  AdmPages.PeopleSearchClass - Showing result is showing up
10:12:07.765 [main] INFO  AdmPages.LoginClass - Page title is Verify IDP
10:12:07.777 [main] INFO  AdmPages.LoginClass - Page Title is validated
10:12:08.077 [main] INFO  AdmPages.LoginClass - username is entered
10:12:08.399 [main] INFO  AdmPages.LoginClass - password is entered
10:12:47.173 [main] INFO  AdmPages.LoginClass - Sign In button is clicked
10:12:47.258 [main] INFO  AdmPages.DashboardClass - Page title is Welcome to uat QA environment
10:12:47.258 [main] INFO  AdmPages.DashboardClass - Page Title is validated
10:12:52.766 [main] INFO  AdmPages.DashboardClass - Add widget is clicked
10:12:56.038 [main] INFO  AdmPages.DashboardClass - Widget is selected for adding
10:12:59.268 [main] INFO  AdmPages.DashboardClass - Widget is added
10:12:59.578 [main] INFO  AdmPages.DashboardClass - Expand icon is clicked
10:13:02.582 [main] INFO  AdmPages.DashboardClass - Widget is expended
10:13:02.803 [main] INFO  AdmPages.DashboardClass - Collapse icon is clicked
10:13:05.807 [main] INFO  AdmPages.DashboardClass - Widget is Collapsed
10:16:13.762 [main] INFO  AdmPages.DashboardClass - Widget Delete icon is clicked
10:17:05.106 [main] INFO  AdmPages.DashboardClass - Delete Confirmation pop up is showing up
10:17:19.083 [main] INFO  AdmPages.DashboardClass - Delete button is clicked
10:18:18.886 [main] INFO  AdmPages.PeopleSearchClass - Page title is People Search
10:18:18.887 [main] INFO  AdmPages.PeopleSearchClass - Page Title is validated
10:18:27.654 [main] INFO  AdmPages.PeopleSearchClass - Showing result is showing up
18:02:22.857 [main] INFO  AdmPages.LoginClass - Page title is Verify IDP
18:02:22.882 [main] INFO  AdmPages.LoginClass - Page Title is validated
18:02:23.072 [main] INFO  AdmPages.LoginClass - username is entered
18:02:23.211 [main] INFO  AdmPages.LoginClass - password is entered
18:02:40.251 [main] INFO  AdmPages.LoginClass - Sign In button is clicked
18:02:40.304 [main] INFO  AdmPages.DashboardClass - Page title is Welcome to uat QA environment
18:02:40.304 [main] INFO  AdmPages.DashboardClass - Page Title is validated
18:02:45.563 [main] INFO  AdmPages.DashboardClass - Add widget is clicked
18:02:48.711 [main] INFO  AdmPages.DashboardClass - Widget is selected for adding
18:02:51.847 [main] INFO  AdmPages.DashboardClass - Widget is added
18:02:52.013 [main] INFO  AdmPages.DashboardClass - Expand icon is clicked
18:02:55.023 [main] INFO  AdmPages.DashboardClass - Widget is expended
18:02:55.136 [main] INFO  AdmPages.DashboardClass - Collapse icon is clicked
18:02:58.151 [main] INFO  AdmPages.DashboardClass - Widget is Collapsed
18:02:58.321 [main] INFO  AdmPages.DashboardClass - Widget Delete icon is clicked
18:03:01.459 [main] INFO  AdmPages.DashboardClass - Delete Confirmation pop up is showing up
18:03:01.581 [main] INFO  AdmPages.DashboardClass - Delete button is clicked
18:03:09.921 [main] INFO  AdmPages.PeopleSearchClass - Page title is People Search
18:03:09.921 [main] INFO  AdmPages.PeopleSearchClass - Page Title is validated
18:03:18.408 [main] INFO  AdmPages.PeopleSearchClass - Showing result is showing up
18:06:03.079 [main] INFO  AdmPages.LoginClass - Page title is Verify IDP
18:06:03.083 [main] INFO  AdmPages.LoginClass - Page Title is validated
18:06:03.260 [main] INFO  AdmPages.LoginClass - username is entered
18:06:03.449 [main] INFO  AdmPages.LoginClass - password is entered
18:06:14.461 [main] INFO  AdmPages.LoginClass - Sign In button is clicked
18:06:14.500 [main] INFO  AdmPages.DashboardClass - Page title is Welcome to uat QA environment
18:06:14.500 [main] INFO  AdmPages.DashboardClass - Page Title is validated
18:06:19.823 [main] INFO  AdmPages.DashboardClass - Add widget is clicked
18:06:23.020 [main] INFO  AdmPages.DashboardClass - Widget is selected for adding
18:06:26.171 [main] INFO  AdmPages.DashboardClass - Widget is added
18:06:26.320 [main] INFO  AdmPages.DashboardClass - Expand icon is clicked
18:06:29.332 [main] INFO  AdmPages.DashboardClass - Widget is expended
18:06:29.469 [main] INFO  AdmPages.DashboardClass - Collapse icon is clicked
18:06:32.470 [main] INFO  AdmPages.DashboardClass - Widget is Collapsed
18:06:32.615 [main] INFO  AdmPages.DashboardClass - Widget Delete icon is clicked
18:06:35.738 [main] INFO  AdmPages.DashboardClass - Delete Confirmation pop up is showing up
18:06:35.857 [main] INFO  AdmPages.DashboardClass - Delete button is clicked
18:06:44.164 [main] INFO  AdmPages.PeopleSearchClass - Page title is People Search
18:06:44.164 [main] INFO  AdmPages.PeopleSearchClass - Page Title is validated
18:06:52.625 [main] INFO  AdmPages.PeopleSearchClass - Showing result is showing up
18:08:41.912 [main] INFO  AdmPages.LoginClass - Page title is Verify IDP
18:08:41.917 [main] INFO  AdmPages.LoginClass - Page Title is validated
18:08:42.071 [main] INFO  AdmPages.LoginClass - username is entered
18:08:42.249 [main] INFO  AdmPages.LoginClass - password is entered
18:08:58.685 [main] INFO  AdmPages.LoginClass - Sign In button is clicked
18:08:58.717 [main] INFO  AdmPages.DashboardClass - Page title is Welcome to uat QA environment
18:08:58.717 [main] INFO  AdmPages.DashboardClass - Page Title is validated
18:09:03.957 [main] INFO  AdmPages.DashboardClass - Add widget is clicked
18:09:07.150 [main] INFO  AdmPages.DashboardClass - Widget is selected for adding
18:09:10.334 [main] INFO  AdmPages.DashboardClass - Widget is added
18:09:10.478 [main] INFO  AdmPages.DashboardClass - Expand icon is clicked
18:09:13.486 [main] INFO  AdmPages.DashboardClass - Widget is expended
18:09:13.664 [main] INFO  AdmPages.DashboardClass - Collapse icon is clicked
18:09:16.670 [main] INFO  AdmPages.DashboardClass - Widget is Collapsed
18:09:16.836 [main] INFO  AdmPages.DashboardClass - Widget Delete icon is clicked
18:09:19.958 [main] INFO  AdmPages.DashboardClass - Delete Confirmation pop up is showing up
18:09:20.090 [main] INFO  AdmPages.DashboardClass - Delete button is clicked
18:09:28.388 [main] INFO  AdmPages.PeopleSearchClass - Page title is People Search
18:09:28.389 [main] INFO  AdmPages.PeopleSearchClass - Page Title is validated
18:09:36.823 [main] INFO  AdmPages.PeopleSearchClass - Showing result is showing up
17:59:41.200 [main] INFO  AdmPages.LoginClass - Page title is Verify IDP
17:59:41.221 [main] INFO  AdmPages.LoginClass - Page Title is validated
17:59:41.394 [main] INFO  AdmPages.LoginClass - username is entered
17:59:41.563 [main] INFO  AdmPages.LoginClass - password is entered
17:59:42.940 [main] INFO  AdmPages.LoginClass - Sign In button is clicked
17:59:42.986 [main] INFO  AdmPages.DashboardClass - Page title is Verify IDP
18:01:57.032 [main] INFO  AdmPages.LoginClass - Page title is Verify IDP
18:01:57.038 [main] INFO  AdmPages.LoginClass - Page Title is validated
18:01:57.209 [main] INFO  AdmPages.LoginClass - username is entered
18:01:57.339 [main] INFO  AdmPages.LoginClass - password is entered
18:02:11.393 [main] INFO  AdmPages.LoginClass - Sign In button is clicked
18:02:11.420 [main] INFO  AdmPages.DashboardClass - Page title is Welcome to Oklahama wesleyan university
18:11:47.063 [main] INFO  AdmPages.LoginClass - Page title is Verify IDP
18:11:47.068 [main] INFO  AdmPages.LoginClass - Page Title is validated
18:11:47.212 [main] INFO  AdmPages.LoginClass - username is entered
18:11:47.336 [main] INFO  AdmPages.LoginClass - password is entered
18:12:01.183 [main] INFO  AdmPages.LoginClass - Sign In button is clicked
18:12:01.256 [main] INFO  AdmPages.DashboardClass - Page title is Welcome to Oklahama wesleyan university
[INFO ] 2021-08-25 12:48:53.878 [main] LoginClass - Page title is Verify IDP
[INFO ] 2021-08-25 12:48:53.905 [main] LoginClass - Page Title is validated
[INFO ] 2021-08-25 12:48:54.062 [main] LoginClass - username is entered
[INFO ] 2021-08-25 12:48:54.210 [main] LoginClass - password is entered
[INFO ] 2021-08-25 12:49:08.857 [main] LoginClass - Sign In button is clicked
[INFO ] 2021-08-25 12:49:08.961 [main] DashboardClass - Page title is Welcome to Oklahama wesleyan university
[INFO ] 2021-08-25 12:49:08.961 [main] DashboardClass - Page Title is validated
[INFO ] 2021-08-25 12:49:14.356 [main] DashboardClass - Add widget is clicked
[INFO ] 2021-08-25 12:49:17.642 [main] DashboardClass - Widget is selected for adding
[INFO ] 2021-08-25 12:49:20.966 [main] DashboardClass - Widget is added
[INFO ] 2021-08-25 12:49:21.102 [main] DashboardClass - Expand icon is clicked
[INFO ] 2021-08-25 12:49:24.107 [main] DashboardClass - Widget is expended
[INFO ] 2021-08-25 12:49:24.372 [main] DashboardClass - Collapse icon is clicked
[INFO ] 2021-08-25 12:49:27.375 [main] DashboardClass - Widget is Collapsed
[INFO ] 2021-08-25 12:49:27.665 [main] DashboardClass - Widget Delete icon is clicked
[INFO ] 2021-08-25 12:49:30.828 [main] DashboardClass - Delete Confirmation pop up is showing up
[INFO ] 2021-08-25 12:49:31.003 [main] DashboardClass - Delete button is clicked
[INFO ] 2021-08-25 12:49:39.442 [main] PeopleSearchClass - Page title is People Search
[INFO ] 2021-08-25 12:49:39.443 [main] PeopleSearchClass - Page Title is validated
[INFO ] 2021-08-25 12:49:48.240 [main] PeopleSearchClass - Showing result is showing up
[INFO ] 2021-08-25 15:24:13.626 [main] LoginClass - Page title is Verify IDP
[INFO ] 2021-08-25 15:24:13.637 [main] LoginClass - Page Title is validated
[INFO ] 2021-08-25 15:24:13.901 [main] LoginClass - username is entered
[INFO ] 2021-08-25 15:24:14.051 [main] LoginClass - password is entered
[INFO ] 2021-08-25 15:24:32.284 [main] LoginClass - Sign In button is clicked
[INFO ] 2021-08-25 15:24:32.355 [main] DashboardClass - Page title is Welcome to Oklahama wesleyan university
[INFO ] 2021-08-25 15:24:32.355 [main] DashboardClass - Page Title is validated
[INFO ] 2021-09-02 14:40:43.425 [main] LoginClass - Page title is Verify IDP
[INFO ] 2021-09-02 14:40:43.456 [main] LoginClass - Page Title is validated
[INFO ] 2021-09-02 14:40:43.677 [main] LoginClass - username is entered
[INFO ] 2021-09-02 14:40:43.859 [main] LoginClass - password is entered
[INFO ] 2021-09-02 14:40:58.797 [main] LoginClass - Sign In button is clicked
[INFO ] 2021-09-02 14:40:58.886 [main] DashboardClass - Page title is Welcome to Oklahama wesleyan university
[INFO ] 2021-09-02 14:40:58.887 [main] DashboardClass - Page Title is validated
[INFO ] 2021-09-02 14:41:04.353 [main] DashboardClass - Add widget is clicked
[INFO ] 2021-09-02 14:41:07.728 [main] DashboardClass - Widget is selected for adding
[INFO ] 2021-09-02 14:41:11.072 [main] DashboardClass - Widget is added
[INFO ] 2021-09-02 14:41:11.450 [main] DashboardClass - Expand icon is clicked
[INFO ] 2021-09-02 14:41:14.453 [main] DashboardClass - Widget is expended
[INFO ] 2021-09-02 14:41:14.632 [main] DashboardClass - Collapse icon is clicked
[INFO ] 2021-09-02 14:41:17.638 [main] DashboardClass - Widget is Collapsed
[INFO ] 2021-09-02 14:41:17.991 [main] DashboardClass - Widget Delete icon is clicked
[INFO ] 2021-09-02 14:41:21.203 [main] DashboardClass - Delete Confirmation pop up is showing up
[INFO ] 2021-09-02 14:41:21.370 [main] DashboardClass - Delete button is clicked
[INFO ] 2021-09-02 14:41:29.796 [main] PeopleSearchClass - Page title is People Search
[INFO ] 2021-09-02 14:41:29.797 [main] PeopleSearchClass - Page Title is validated
[INFO ] 2021-09-02 14:41:38.538 [main] PeopleSearchClass - Showing result is showing up
[INFO ] 2021-09-02 14:41:52.232 [main] ProspectsViewRecordsClass - Prospect is clicked
[INFO ] 2021-09-02 14:41:55.574 [main] ProspectsViewRecordsClass - View record is clicked
[INFO ] 2021-09-02 14:41:55.683 [main] ProspectsViewRecordsClass - Page title is Prospects
[INFO ] 2021-09-02 14:41:55.683 [main] ProspectsViewRecordsClass - Page Title is validated
[INFO ] 2021-09-02 14:41:58.881 [main] ProspectsViewRecordsClass - Add filter link is clicked
[INFO ] 2021-09-02 14:41:58.997 [main] ProspectsViewRecordsClass - pop up title is Filter
[INFO ] 2021-09-02 14:41:58.997 [main] ProspectsViewRecordsClass - Pop up Title is validated
[INFO ] 2021-09-02 14:42:02.300 [main] ProspectsViewRecordsClass - Filter is selected
[INFO ] 2021-09-02 14:42:05.671 [main] ProspectsViewRecordsClass - Apply filter is clicked
[INFO ] 2021-09-02 14:42:05.754 [main] ProspectsViewRecordsClass - Showing result is showing up
[INFO ] 2021-09-02 14:42:09.258 [main] ProspectsViewRecordsClass - Clear all filter is clicked
[INFO ] 2022-03-02 22:39:24.807 [main] LoginClass - Page title is Verify IDP
[INFO ] 2022-03-02 22:39:24.821 [main] LoginClass - Page Title is validated
[INFO ] 2022-03-02 22:39:25.034 [main] LoginClass - username is entered
[INFO ] 2022-03-02 22:39:25.218 [main] LoginClass - password is entered
[INFO ] 2022-03-02 22:39:26.829 [main] LoginClass - Sign In button is clicked
[INFO ] 2022-03-02 22:39:26.930 [main] DashboardClass - Page title is Verify IDP
[INFO ] 2022-03-02 22:41:18.077 [main] LoginClass - Page title is Verify IDP
[INFO ] 2022-03-02 22:41:18.086 [main] LoginClass - Page Title is validated
[INFO ] 2022-03-02 22:41:18.317 [main] LoginClass - username is entered
[INFO ] 2022-03-02 22:41:18.501 [main] LoginClass - password is entered
[INFO ] 2022-03-02 22:41:39.247 [main] LoginClass - Sign In button is clicked
[INFO ] 2022-03-02 22:41:39.278 [main] DashboardClass - Page title is Welcome to Oklahama wesleyan university
[INFO ] 2022-03-02 22:41:39.278 [main] DashboardClass - Page Title is validated
[INFO ] 2022-03-02 22:41:44.759 [main] DashboardClass - Add widget is clicked
[INFO ] 2022-03-02 22:41:47.891 [main] DashboardClass - Widget is selected for adding
[INFO ] 2022-03-02 22:41:51.347 [main] DashboardClass - Widget is added
[INFO ] 2022-03-02 22:41:51.585 [main] DashboardClass - Expand icon is clicked
[INFO ] 2022-03-02 22:41:54.601 [main] DashboardClass - Widget is expended
[INFO ] 2022-03-02 22:41:54.870 [main] DashboardClass - Collapse icon is clicked
[INFO ] 2022-03-02 22:41:57.877 [main] DashboardClass - Widget is Collapsed
[INFO ] 2022-03-02 22:41:58.262 [main] DashboardClass - Widget Delete icon is clicked
[INFO ] 2022-03-02 22:42:01.458 [main] DashboardClass - Delete Confirmation pop up is showing up
[INFO ] 2022-03-02 22:42:01.617 [main] DashboardClass - Delete button is clicked
[INFO ] 2022-03-02 22:42:04.745 [main] DashboardClass - Widget Delete icon is clicked
[INFO ] 2022-03-02 22:42:07.869 [main] DashboardClass - Delete Confirmation pop up is showing up
[INFO ] 2022-03-02 22:42:08.063 [main] DashboardClass - Delete button is clicked
[INFO ] 2022-03-02 22:42:16.641 [main] PeopleSearchClass - Page title is People Search
[INFO ] 2022-03-02 22:42:16.642 [main] PeopleSearchClass - Page Title is validated
[INFO ] 2022-03-02 22:42:58.616 [main] ProspectsViewRecordsClass - Prospect is clicked
